0 info it worked if it ends with ok
1 verbose cli [ '/home/gustavo/.nvm/versions/node/v6.9.1/bin/node',
1 verbose cli   '/home/gustavo/.nvm/versions/node/v6.9.1/bin/npm',
1 verbose cli   'start' ]
2 info using npm@3.10.8
3 info using node@v6.9.1
4 verbose run-script [ 'prestart', 'start', 'poststart' ]
5 info lifecycle keeptrack-receiver@0.0.1~prestart: keeptrack-receiver@0.0.1
6 silly lifecycle keeptrack-receiver@0.0.1~prestart: no script for prestart, continuing
7 info lifecycle keeptrack-receiver@0.0.1~start: keeptrack-receiver@0.0.1
8 verbose lifecycle keeptrack-receiver@0.0.1~start: unsafe-perm in lifecycle true
9 verbose lifecycle keeptrack-receiver@0.0.1~start: PATH: /home/gustavo/.nvm/versions/node/v6.9.1/lib/node_modules/npm/bin/node-gyp-bin:/home/gustavo/www/telegram-composer/telegram-message-receiver/node_modules/.bin:/home/gustavo/.nvm/versions/node/v6.9.1/bin:/usr/local/sbin:/usr/local/bin:/usr/sbin:/usr/bin:/sbin:/bin:/usr/games:/usr/local/games:/etc/Android/Sdk/tools:/etc/Android/Sdk/platform-tools
10 verbose lifecycle keeptrack-receiver@0.0.1~start: CWD: /home/gustavo/www/telegram-composer/telegram-message-receiver
11 silly lifecycle keeptrack-receiver@0.0.1~start: Args: [ '-c', 'node server.js' ]
12 silly lifecycle keeptrack-receiver@0.0.1~start: Returned: code: 1  signal: null
13 info lifecycle keeptrack-receiver@0.0.1~start: Failed to exec start script
14 verbose stack Error: keeptrack-receiver@0.0.1 start: `node server.js`
14 verbose stack Exit status 1
14 verbose stack     at EventEmitter.<anonymous> (/home/gustavo/.nvm/versions/node/v6.9.1/lib/node_modules/npm/lib/utils/lifecycle.js:255:16)
14 verbose stack     at emitTwo (events.js:106:13)
14 verbose stack     at EventEmitter.emit (events.js:191:7)
14 verbose stack     at ChildProcess.<anonymous> (/home/gustavo/.nvm/versions/node/v6.9.1/lib/node_modules/npm/lib/utils/spawn.js:40:14)
14 verbose stack     at emitTwo (events.js:106:13)
14 verbose stack     at ChildProcess.emit (events.js:191:7)
14 verbose stack     at maybeClose (internal/child_process.js:877:16)
14 verbose stack     at Process.ChildProcess._handle.onexit (internal/child_process.js:226:5)
15 verbose pkgid keeptrack-receiver@0.0.1
16 verbose cwd /home/gustavo/www/telegram-composer/telegram-message-receiver
17 error Linux 4.4.0-59-generic
18 error argv "/home/gustavo/.nvm/versions/node/v6.9.1/bin/node" "/home/gustavo/.nvm/versions/node/v6.9.1/bin/npm" "start"
19 error node v6.9.1
20 error npm  v3.10.8
21 error code ELIFECYCLE
22 error keeptrack-receiver@0.0.1 start: `node server.js`
22 error Exit status 1
23 error Failed at the keeptrack-receiver@0.0.1 start script 'node server.js'.
23 error Make sure you have the latest version of node.js and npm installed.
23 error If you do, this is most likely a problem with the keeptrack-receiver package,
23 error not with npm itself.
23 error Tell the author that this fails on your system:
23 error     node server.js
23 error You can get information on how to open an issue for this project with:
23 error     npm bugs keeptrack-receiver
23 error Or if that isn't available, you can get their info via:
23 error     npm owner ls keeptrack-receiver
23 error There is likely additional logging output above.
24 verbose exit [ 1, true ]
